



             THIS PROGRAM IS CONFIDENTIAL AND A TRADE SECRET OF THE MSC.SOFTWARE CORPORATION.  THE RECEIPT OR
            POSSESSION OF THIS PROGRAM DOES NOT CONVEY ANY RIGHTS TO REPRODUCE OR DISCLOSE ITS CONTENTS, OR TO
           MANUFACTURE, USE, OR SELL ANYTHING HEREIN, IN WHOLE OR IN PART, WITHOUT THE SPECIFIC WRITTEN CONSENT
                                        OF THE MSC.Software CORPORATION.




                                        * * * * * * * * * * * * * * * * * * * *
                                        * * * * * * * * * * * * * * * * * * * *
                                        * *                                 * *
                                        * *               THE               * *
                                        * *     MSC.Software Corporation    * *
                                        * *                                 * *
                                        * *      M S C / E x p l o r e      * *
                                        * *                                 * *
                                        * *        VERSION - 2012.0.0       * *
                                        * *                                 * *
                                        * *                                 * *
                                        * * * * * * * * * * * * * * * * * * * *
                                        * * * * * * * * * * * * * * * * * * * *




                    MSC/Explore
          -----------------------------------------------------

          Date  (Run-Date)         : 23-Dec-15
          User Input File Name     : 1590638.inp
 
     xdb:\\de.pa.corp\data$\CAx\Proj\A350\A350-S1618\G-FEM\A350-900-MSN98\D150506\A05\fem\a359s18art_LCDEF2_relaxation.xdb
     title:1590638
     opt:Report
     html:YES
     resp:Disp
     flag: EID
     List:1590638




                               * * * * * * * * * * * * * * *
                               * * * * * * * * * * * * * * *
                               * *                       * *
                               * *  Grid_Id :  1590638   * *
                               * *  Displacement         * *
                               * *  -------------------  * *
                               * *                       * *
                               * * * * * * * * * * * * * * *
                               * * * * * * * * * * * * * * *

 XDB File : \\de.pa.corp\data$\CAx\Proj\A350\A350-S1618\G-FEM\A350-900-MSN98\D150506\A05\fem\a359s18art_LCDEF2_relaxation.xdb
 --------------------------------------------------------------------------

 Subcase     Disp-X       Disp-Y       Disp-Z       Disp-Rx      Disp-Ry      Disp-Rz   
     501  1.54761E+00  8.37833E+00 -1.74958E+01 -1.08794E-02  6.69396E-04 -6.36987E-03
     502  8.71772E-01  4.71952E+00 -9.85538E+00 -6.12838E-03  3.77071E-04 -3.58815E-03
     503 -5.77811E+00  8.84273E-01 -1.28265E+02 -3.03070E-03  1.12982E-02 -3.79182E-03
     504 -5.98905E+00  4.41711E+00 -1.04265E+02 -3.52913E-03  9.27269E-03 -3.29992E-03
     505 -4.01266E+00 -2.13942E+00 -1.01789E+02 -2.94206E-03  9.08350E-03 -4.11319E-03
     506 -5.00439E+00  1.15284E+00 -1.03297E+02 -3.26187E-03  9.20886E-03 -3.71111E-03
     507 -1.67433E+00  7.07801E-01  1.12761E+02  1.37884E-03 -8.95141E-03  3.93203E-04
     508  2.02143E+00  6.97846E+00  9.90891E+01 -6.45322E-03 -9.58860E-03 -4.23843E-03
     509 -1.17459E+00  2.50646E+00  1.17470E+02  3.02683E-04 -9.02581E-03  7.80169E-04
     510  1.26226E+00  3.84162E+00  9.50512E+01 -5.01727E-03 -1.00731E-02 -5.12649E-03
     511 -2.76407E+01  6.53851E+01 -3.88131E+01 -3.89725E-03  6.46327E-03  8.66080E-03
     512  6.21868E+00 -6.68724E+01 -2.51294E+01  5.37854E-03  1.35423E-03 -8.94282E-03
     513 -2.49679E+01  5.81686E+01 -1.02121E+02 -3.05522E-03  1.22144E-02  7.90839E-03
     514  6.82812E+00 -6.11966E+01 -8.91964E+01  5.73603E-03  7.34797E-03 -8.19544E-03
     515 -2.56995E+01  6.32268E+01 -1.62056E+02 -1.91221E-03  1.62202E-02  7.93647E-03
     516  4.27746E+00 -6.67096E+01 -1.45722E+02  6.60350E-03  1.37838E-02 -9.21490E-03
     517 -2.59127E+01  6.38428E+01 -1.62146E+02 -1.86066E-03  1.61927E-02  7.95981E-03
     518  4.32518E+00 -6.74615E+01 -1.46389E+02  6.61595E-03  1.38031E-02 -9.21125E-03
     519 -2.61933E+01  6.10952E+01 -1.79935E+02 -1.61057E-03  1.73024E-02  7.24094E-03
     520  1.30264E+00 -6.53858E+01 -1.63508E+02  6.85656E-03  1.63834E-02 -8.91523E-03
     521 -1.88604E+01  4.71417E+01 -1.15741E+02 -4.33679E-03  1.10314E-02  6.23024E-03
     522 -1.77233E+01  5.32976E+01 -1.28596E+02 -1.23303E-02  1.15232E-02  1.55004E-03
     523 -1.85439E+01  4.89321E+01 -1.10974E+02 -5.42451E-03  1.10378E-02  6.61372E-03
     524 -1.83849E+01  5.01651E+01 -1.32665E+02 -1.08882E-02  1.09957E-02  6.63838E-04
     525  6.85554E+00 -4.92233E+01 -9.39886E+01  6.78896E-03  7.52823E-03 -6.84666E-03
     526  7.99263E+00 -4.30674E+01 -1.06843E+02 -1.20457E-03  8.02006E-03 -1.15269E-02
     527  7.17202E+00 -4.74328E+01 -8.92209E+01  5.70124E-03  7.53468E-03 -6.46317E-03
     528  7.33099E+00 -4.61998E+01 -1.10912E+02  2.37529E-04  7.49253E-03 -1.24131E-02
     529 -1.51932E+01  3.48711E+01 -1.44585E+02 -4.60229E-03  1.35266E-02  5.26345E-03
     530 -1.39353E+01  4.10490E+01 -1.57495E+02 -1.26016E-02  1.39315E-02  5.63661E-04
     531 -1.50653E+01  3.66271E+01 -1.39732E+02 -5.68106E-03  1.36689E-02  5.67754E-03
     532 -1.41779E+01  3.79931E+01 -1.61755E+02 -1.11793E-02  1.31021E-02 -3.90526E-04
     533  9.90967E+00 -3.80697E+01 -1.23949E+02  7.32728E-03  9.63623E-03 -5.74079E-03
     534  1.10468E+01 -3.19138E+01 -1.36803E+02 -6.66254E-04  1.01281E-02 -1.04210E-02
     535  1.02262E+01 -3.62792E+01 -1.19181E+02  6.23956E-03  9.64269E-03 -5.35730E-03
     536  1.03851E+01 -3.50462E+01 -1.40872E+02  7.75849E-04  9.60054E-03 -1.13072E-02
     537  6.84636E-01  1.69277E+00  1.25158E+02 -2.04748E-03 -1.05908E-02 -8.06294E-05
     538  4.39040E+00  7.96484E+00  1.11500E+02 -9.87852E-03 -1.12349E-02 -4.71191E-03
     539  1.18342E+00  3.49174E+00  1.29874E+02 -3.12355E-03 -1.06657E-02  3.06379E-04
     540  3.61863E+00  4.82743E+00  1.07467E+02 -8.44337E-03 -1.17139E-02 -5.60020E-03
     541  7.66046E+00  2.04501E+00  1.34347E+02 -2.46193E-03 -1.36233E-02  4.29641E-04
     542  1.13681E+01  8.31647E+00  1.20676E+02 -1.02931E-02 -1.42664E-02 -4.20172E-03
     543  8.15945E+00  3.84391E+00  1.39061E+02 -3.53802E-03 -1.36981E-02  8.16639E-04
     544  1.05963E+01  5.17907E+00  1.16643E+02 -8.85798E-03 -1.47454E-02 -5.09002E-03
     545  1.28122E+01  1.80521E+00  5.36680E+01 -2.17881E-03 -8.01478E-03  5.82570E-04
     546  1.56233E+01  8.03619E+00  4.02788E+01 -1.00667E-02 -8.26162E-03 -4.06586E-03
     547  1.33119E+01  3.60387E+00  5.83772E+01 -3.25497E-03 -8.08918E-03  9.69536E-04
     548  1.49617E+01  4.90373E+00  3.62098E+01 -8.62460E-03 -8.78914E-03 -4.95206E-03
     549  1.19094E+01 -1.13603E+00 -1.65120E+02 -7.71973E-04  1.03023E-02  3.39355E-04
     550  1.30850E+01  5.00802E+00 -1.78234E+02 -8.76581E-03  1.08141E-02 -4.34230E-03
     551  1.22289E+01  6.53476E-01 -1.60373E+02 -1.85972E-03  1.03103E-02  7.22728E-04
     552  1.24221E+01  1.87594E+00 -1.82295E+02 -7.32370E-03  1.02859E-02 -5.22845E-03
     553 -2.48024E+01 -5.24400E+00 -3.30232E+02  3.53379E-03  2.61691E-02 -3.12613E-03
     554 -2.44780E+01 -3.37830E+00 -3.25523E+02  2.47104E-03  2.63876E-02 -2.66515E-03
     555 -2.50197E+01 -8.17130E+00 -3.34928E+02  4.90207E-03  2.54060E-02 -4.05230E-03
     556 -2.69611E+01 -3.51902E+00 -3.34591E+02  2.35750E-03  2.61435E-02 -3.89251E-03
     557 -2.66366E+01 -1.65332E+00 -3.29882E+02  1.29474E-03  2.63619E-02 -3.43154E-03
     558 -2.71783E+01 -6.44633E+00 -3.39287E+02  3.72578E-03  2.53804E-02 -4.81869E-03
     559 -2.99017E+01 -3.95057E+00 -3.03458E+02  3.69136E-03  2.43614E-02 -3.79910E-03
     560 -2.95772E+01 -2.08487E+00 -2.98749E+02  2.62860E-03  2.45798E-02 -3.33813E-03
     561 -3.01188E+01 -6.87786E+00 -3.08154E+02  5.05964E-03  2.35982E-02 -4.72528E-03
     562 -2.92992E+01 -3.58788E+00 -2.72687E+02  2.91503E-03  2.30856E-02 -3.58205E-03
     563 -2.89748E+01 -1.72219E+00 -2.67978E+02  1.85228E-03  2.33041E-02 -3.12107E-03
     564 -2.95164E+01 -6.51519E+00 -2.77383E+02  4.28331E-03  2.23224E-02 -4.50822E-03
     565 -1.36805E+01 -2.09112E+00 -2.94143E+02  4.01351E-03  2.49424E-02 -2.24463E-03
     566 -1.23845E+01  4.07511E+00 -3.07310E+02 -3.98606E-03  2.53670E-02 -6.94587E-03
     567 -1.35495E+01 -3.36051E-01 -2.89310E+02  2.93471E-03  2.50862E-02 -1.83067E-03
     568 -1.26280E+01  1.01947E+00 -3.11563E+02 -2.56382E-03  2.45372E-02 -7.90002E-03
     569 -2.14988E+01 -1.75271E+00 -2.56792E+02  1.88757E-03  2.24168E-02 -2.70510E-03
     570 -2.11771E+01  1.13842E-01 -2.52064E+02  8.24833E-04  2.26338E-02 -2.24401E-03
     571 -2.17141E+01 -4.68061E+00 -2.61501E+02  3.25583E-03  2.16547E-02 -3.63134E-03
     572  1.31697E+01 -2.82698E+01 -8.38993E+01  5.91942E-03  4.80671E-03 -4.51205E-03
     573  1.43068E+01 -2.21139E+01 -9.67541E+01 -2.07411E-03  5.29854E-03 -9.19225E-03
     574  1.34862E+01 -2.64793E+01 -7.91316E+01  4.83170E-03  4.81317E-03 -4.12856E-03
     575  1.36451E+01 -2.52464E+01 -1.00823E+02 -6.32007E-04  4.77102E-03 -1.00784E-02
     576 -1.08698E+01  2.61356E+01 -9.95723E+01 -4.98199E-03  9.64166E-03  4.55728E-03
     577 -9.73266E+00  3.22915E+01 -1.12427E+02 -1.29755E-02  1.01335E-02 -1.22919E-04
     578 -1.05533E+01  2.79260E+01 -9.48046E+01 -6.06971E-03  9.64812E-03  4.94077E-03
     579 -1.03943E+01  2.91590E+01 -1.16496E+02 -1.15334E-02  9.60597E-03 -1.00912E-03
     580 -5.00879E+00 -2.78543E+00 -3.80377E+02  3.14198E-03  2.93729E-02 -2.33217E-03
     581 -3.71181E+00  3.38046E+00 -3.93551E+02 -4.85759E-03  2.97982E-02 -7.03344E-03
     582 -4.87787E+00 -1.03038E+00 -3.75544E+02  2.06318E-03  2.95168E-02 -1.91820E-03
     583 -3.95641E+00  3.25141E-01 -3.97797E+02 -3.43534E-03  2.89678E-02 -7.98755E-03
     584 -9.96536E+00 -2.86354E+00 -3.89745E+02  4.04358E-03  3.04114E-02 -3.18618E-03
     585 -8.66831E+00  3.30236E+00 -4.02919E+02 -3.95599E-03  3.08366E-02 -7.88747E-03
     586 -9.83436E+00 -1.10848E+00 -3.84912E+02  2.96478E-03  3.05552E-02 -2.77222E-03
     587 -8.91291E+00  2.47043E-01 -4.07166E+02 -2.53375E-03  3.00062E-02 -8.84157E-03
     588 -1.03001E+01 -3.07570E+00 -3.76935E+02  4.43500E-03  2.97604E-02 -2.65604E-03
     589 -9.00308E+00  3.09019E+00 -3.90109E+02 -3.56457E-03  3.01857E-02 -7.35731E-03
     590 -1.01691E+01 -1.32064E+00 -3.72102E+02  3.35621E-03  2.99043E-02 -2.24206E-03
     591 -9.24769E+00  3.48770E-02 -3.94355E+02 -2.14232E-03  2.93553E-02 -8.31141E-03
     592 -1.72795E+01 -1.96877E+00 -3.20250E+02  3.66961E-03  2.52994E-02 -2.99668E-03
     593 -1.60001E+01  4.20252E+00 -3.33305E+02 -4.32982E-03  2.57155E-02 -7.69728E-03
     594 -1.71486E+01 -2.13720E-01 -3.15417E+02  2.59081E-03  2.54432E-02 -2.58271E-03
     595 -1.62427E+01  1.14660E+00 -3.37565E+02 -2.90759E-03  2.48862E-02 -8.65146E-03
     596 -1.49528E+01 -1.92683E+00 -3.02848E+02  4.01502E-03  2.56117E-02 -2.66415E-03
     597 -1.46311E+01 -6.02667E-02 -2.98121E+02  2.95228E-03  2.58287E-02 -2.20308E-03
     598 -1.51680E+01 -4.85472E+00 -3.07558E+02  5.38328E-03  2.48496E-02 -3.59041E-03
     599 -1.61336E+01 -1.74941E+00 -2.42690E+02  2.99657E-03  2.19917E-02 -1.92894E-03
     600 -1.58120E+01  1.17146E-01 -2.37963E+02  1.93383E-03  2.22087E-02 -1.46786E-03
     601 -1.63489E+01 -4.67730E+00 -2.47400E+02  4.36483E-03  2.12295E-02 -2.85519E-03
     602 -9.55810E+00 -1.80887E+00 -2.32919E+02  4.08842E-03  2.16515E-02 -1.21726E-03
     603 -9.23645E+00  5.76874E-02 -2.28192E+02  3.02568E-03  2.18685E-02 -7.56183E-04
     604 -9.77338E+00 -4.73677E+00 -2.37628E+02  5.45668E-03  2.08893E-02 -2.14351E-03
     605 -2.99665E+01 -4.01633E+00 -1.77645E+02  7.54229E-03  1.65224E-02 -1.18100E-03
     606 -2.96448E+01 -2.14977E+00 -1.72918E+02  6.47956E-03  1.67394E-02 -7.19921E-04
     607 -3.01817E+01 -6.94422E+00 -1.82355E+02  8.91056E-03  1.57602E-02 -2.10725E-03
     608 -3.01812E+01 -3.88521E+00 -1.76770E+02  7.42406E-03  1.64500E-02 -1.17597E-03
     609 -2.98596E+01 -2.01865E+00 -1.72042E+02  6.36132E-03  1.66670E-02 -7.14885E-04
     610 -3.03965E+01 -6.81311E+00 -1.81479E+02  8.79232E-03  1.56879E-02 -2.10221E-03
     611  2.71700E+00 -2.56308E+00 -3.28358E+02  8.26245E-04  2.74448E-02 -3.72915E-04
     612  3.04144E+00 -6.97378E-01 -3.23649E+02 -2.36512E-04  2.76633E-02  8.80598E-05
     613  2.49978E+00 -5.49038E+00 -3.33054E+02  2.19453E-03  2.66817E-02 -1.29909E-03
     614 -3.38328E+01 -1.57350E+00 -1.13198E+02  2.36691E-03  1.32811E-02 -1.73981E-03
     615 -3.35112E+01  2.93065E-01 -1.08470E+02  1.30418E-03  1.34981E-02 -1.27873E-03
     616 -3.40481E+01 -4.50139E+00 -1.17907E+02  3.73518E-03  1.25190E-02 -2.66606E-03
     617 -3.36774E+01 -1.12701E+00 -1.13113E+02  1.51701E-03  1.29507E-02 -2.11320E-03
     618 -3.33559E+01  7.39579E-01 -1.08385E+02  4.54284E-04  1.31677E-02 -1.65212E-03
     619 -3.38928E+01 -4.05488E+00 -1.17822E+02  2.88529E-03  1.21885E-02 -3.03944E-03
     620 -8.36484E+00 -2.27991E+00 -5.28281E+01  3.98889E-03  6.95527E-03 -1.19011E-04
     621 -7.81843E+00 -3.72293E-01 -4.82031E+01  2.91549E-03  7.01039E-03  3.05601E-04
     622 -8.96812E+00 -5.27869E+00 -5.73608E+01  5.37556E-03  6.47257E-03 -9.82310E-04
     623 -8.11978E+00 -2.33094E+00 -5.25465E+01  4.87158E-03  6.91856E-03 -9.91601E-05
     624 -7.57337E+00 -4.23321E-01 -4.79215E+01  3.79819E-03  6.97368E-03  3.25453E-04
     625 -8.72305E+00 -5.32972E+00 -5.70792E+01  6.25825E-03  6.43586E-03 -9.62459E-04
     626  3.57969E-01 -4.86705E-01 -1.01635E+02  2.73087E-03  8.39019E-03 -1.75917E-05
     627  9.04386E-01  1.42091E+00 -9.70097E+01  1.65747E-03  8.44531E-03  4.07021E-04
     628 -2.45302E-01 -3.48548E+00 -1.06167E+02  4.11754E-03  7.90749E-03 -8.80890E-04
     629  4.07945E-02 -3.33645E-01 -1.01577E+02  2.79317E-03  8.48102E-03  3.73430E-05
     630  5.87211E-01  1.57397E+00 -9.69516E+01  1.71977E-03  8.53614E-03  4.61956E-04
     631 -5.62477E-01 -3.33242E+00 -1.06109E+02  4.17984E-03  7.99832E-03 -8.25956E-04
     632 -7.11884E+00 -1.65294E+00 -1.38503E+02  2.34751E-03  1.49565E-02 -4.70058E-04
     633 -6.57242E+00  2.54684E-01 -1.33878E+02  1.27411E-03  1.50116E-02 -4.54452E-05
     634 -7.72211E+00 -4.65171E+00 -1.43036E+02  3.73418E-03  1.44738E-02 -1.33336E-03
     635  2.86002E+00 -3.02034E+00 -3.22078E+02  3.30054E-03  2.68221E-02 -5.09588E-04
     636  3.18446E+00 -1.15464E+00 -3.17369E+02  2.23778E-03  2.70406E-02 -4.86135E-05
     637  2.64280E+00 -5.94764E+00 -3.26774E+02  4.66882E-03  2.60590E-02 -1.43576E-03
     638 -8.68945E+00 -8.06357E-01 -5.17531E+01 -8.86002E-04  6.61857E-03 -8.49619E-04
     639 -8.14303E+00  1.10126E+00 -4.71281E+01 -1.95940E-03  6.67369E-03 -4.25006E-04
     640 -9.29272E+00 -3.80513E+00 -5.62858E+01  5.00669E-04  6.13587E-03 -1.71292E-03
     641 -1.11865E+01 -3.66073E+00 -3.71153E+02  5.41141E-03  2.94230E-02 -2.32618E-03
     642 -9.88950E+00  2.50517E+00 -3.84327E+02 -2.58816E-03  2.98482E-02 -7.02745E-03
     643 -1.10556E+01 -1.90567E+00 -3.66320E+02  4.33261E-03  2.95669E-02 -1.91221E-03
     644 -1.01340E+01 -5.50139E-01 -3.88573E+02 -1.16592E-03  2.90179E-02 -7.98157E-03
     645  1.28474E+01 -7.20465E-01 -1.56025E+02 -6.89251E-04  9.12302E-03  2.13167E-04
     646  1.39946E+01  5.43232E+00 -1.68948E+02 -8.68286E-03  9.62011E-03 -4.46741E-03
     647  1.31669E+01  1.06904E+00 -1.51277E+02 -1.77700E-03  9.13106E-03  5.96541E-04
     648  1.33330E+01  2.29985E+00 -1.73017E+02 -7.24076E-03  9.09259E-03 -5.35361E-03
     649  1.15738E+01 -1.21088E+00 -1.70739E+02 -6.57804E-04  1.08938E-02  2.32412E-04
     650  1.27501E+01  4.93295E+00 -1.83858E+02 -8.65164E-03  1.14060E-02 -4.44927E-03
     651  1.18934E+01  5.78627E-01 -1.65992E+02 -1.74555E-03  1.09018E-02  6.15785E-04
     652  1.20865E+01  1.80109E+00 -1.87914E+02 -7.20953E-03  1.08775E-02 -5.33540E-03
     653  1.46927E+01 -1.61456E-01 -9.03459E+01 -1.34458E-03  4.01689E-03  1.19465E-04
     654  1.58375E+01  5.99206E+00 -1.03253E+02 -9.33818E-03  4.51274E-03 -4.56103E-03
     655  1.50122E+01  1.62805E+00 -8.55986E+01 -2.43233E-03  4.02492E-03  5.02838E-04
     656  1.51759E+01  2.85959E+00 -1.07322E+02 -7.89608E-03  3.98522E-03 -5.44723E-03
     657 -1.21780E+01 -2.45200E+00 -2.74486E+02  3.78593E-03  2.37570E-02 -1.65977E-03
     658 -1.08870E+01  3.71575E+00 -2.87619E+02 -4.21359E-03  2.41791E-02 -6.36082E-03
     659 -1.20471E+01 -6.96946E-01 -2.69652E+02  2.70713E-03  2.39009E-02 -1.24580E-03
     660 -1.11297E+01  6.59834E-01 -2.91879E+02 -2.79137E-03  2.33498E-02 -7.31500E-03
     661  9.99415E+00 -2.88945E+01 -1.15488E+02  7.12230E-03  8.64573E-03 -4.19882E-03
     662  1.11312E+01 -2.27386E+01 -1.28343E+02 -8.71231E-04  9.13756E-03 -8.87902E-03
     663  1.03106E+01 -2.71041E+01 -1.10720E+02  6.03458E-03  8.65219E-03 -3.81534E-03
     664  1.04696E+01 -2.58711E+01 -1.32412E+02  5.70872E-04  8.61004E-03 -9.76522E-03
     665 -1.26653E+01  2.60574E+01 -1.34127E+02 -4.77173E-03  1.28145E-02  3.87423E-03
     666 -1.14074E+01  3.22353E+01 -1.47037E+02 -1.27710E-02  1.32194E-02 -8.25561E-04
     667 -1.25374E+01  2.78134E+01 -1.29274E+02 -5.85050E-03  1.29568E-02  4.28831E-03
     668 -1.16500E+01  2.91794E+01 -1.51297E+02 -1.13488E-02  1.23901E-02 -1.77975E-03
     669  1.43925E+01  1.75863E-01 -5.07074E+01 -1.65898E-03  2.53717E-04  1.72411E-04
     670  1.55296E+01  6.33176E+00 -6.35623E+01 -9.65252E-03  7.45549E-04 -4.50779E-03
     671  1.47090E+01  1.96630E+00 -4.59398E+01 -2.74670E-03  2.60176E-04  5.55899E-04
     672  1.48679E+01  3.19929E+00 -6.76313E+01 -8.21042E-03  2.18025E-04 -5.39399E-03
     673  1.39324E+01  1.18221E+00  4.20618E+01 -2.14994E-03 -6.96965E-03  2.10920E-04
     674  1.57780E+01  7.36988E+00  2.89808E+01 -1.00988E-02 -6.79042E-03 -4.45583E-03
     675  1.44322E+01  2.98086E+00  4.67710E+01 -3.22610E-03 -7.04405E-03  5.97886E-04
     676  1.51163E+01  4.23741E+00  2.49118E+01 -8.65666E-03 -7.31795E-03 -5.34203E-03
     677 -9.86867E+00 -2.26119E+00 -1.40644E+02  3.72568E-04  1.13790E-02 -4.55581E-04
     678 -9.32225E+00 -3.53566E-01 -1.36019E+02 -7.00830E-04  1.14341E-02 -3.09677E-05
     679 -1.04719E+01 -5.25996E+00 -1.45177E+02  1.75924E-03  1.08963E-02 -1.31888E-03

                                   * * *  End of Job  * * *

