



             THIS PROGRAM IS CONFIDENTIAL AND A TRADE SECRET OF THE MSC.SOFTWARE CORPORATION.  THE RECEIPT OR
            POSSESSION OF THIS PROGRAM DOES NOT CONVEY ANY RIGHTS TO REPRODUCE OR DISCLOSE ITS CONTENTS, OR TO
           MANUFACTURE, USE, OR SELL ANYTHING HEREIN, IN WHOLE OR IN PART, WITHOUT THE SPECIFIC WRITTEN CONSENT
                                        OF THE MSC.Software CORPORATION.




                                        * * * * * * * * * * * * * * * * * * * *
                                        * * * * * * * * * * * * * * * * * * * *
                                        * *                                 * *
                                        * *               THE               * *
                                        * *     MSC.Software Corporation    * *
                                        * *                                 * *
                                        * *      M S C / E x p l o r e      * *
                                        * *                                 * *
                                        * *        VERSION - 2012.0.0       * *
                                        * *                                 * *
                                        * *                                 * *
                                        * * * * * * * * * * * * * * * * * * * *
                                        * * * * * * * * * * * * * * * * * * * *




                    MSC/Explore
          -----------------------------------------------------

          Date  (Run-Date)         : 23-Dec-15
          User Input File Name     : 840901.inp
 
     xdb:\\de.pa.corp\data$\CAx\Proj\A350\A350-S1618\G-FEM\A350-900-MSN98\D150506\A05\fem\a359s18art_LCDEF2_relaxation.xdb
     title:840901
     opt:Report
     html:YES
     resp:Disp
     flag: EID
     List:840901




                               * * * * * * * * * * * * * * *
                               * * * * * * * * * * * * * * *
                               * *                       * *
                               * *  Grid_Id :   840901   * *
                               * *  Displacement         * *
                               * *  -------------------  * *
                               * *                       * *
                               * * * * * * * * * * * * * * *
                               * * * * * * * * * * * * * * *

 XDB File : \\de.pa.corp\data$\CAx\Proj\A350\A350-S1618\G-FEM\A350-900-MSN98\D150506\A05\fem\a359s18art_LCDEF2_relaxation.xdb
 --------------------------------------------------------------------------

 Subcase     Disp-X       Disp-Y       Disp-Z       Disp-Rx      Disp-Ry      Disp-Rz   
     501  1.72322E+00  2.74045E+00 -1.33809E+01 -3.98140E-03  2.45764E-03  4.01383E-03
     502  9.70690E-01  1.54370E+00 -7.53748E+00 -2.24272E-03  1.38439E-03  2.26099E-03
     503  1.21678E+00 -1.72549E+00 -1.25872E+02  1.48638E-03  6.39231E-03  2.58141E-05
     504  3.44719E-01  1.80635E+00 -1.01987E+02  8.76659E-04  4.88510E-03  3.12091E-04
     505  1.59354E+00 -4.74183E+00 -9.94872E+01  1.49380E-03  5.13835E-03 -7.91839E-05
     506  9.89911E-01 -1.45690E+00 -1.01006E+02  1.16364E-03  5.05091E-03  1.30945E-04
     507 -4.37801E+00  6.63430E-01  1.12164E+02  9.73102E-04 -5.08343E-03  1.19400E-03
     508 -3.18605E+00  2.83124E+00  1.01848E+02 -1.74748E-03 -3.19366E-03  3.95291E-03
     509 -4.27724E+00  2.33231E+00  1.16805E+02 -6.56735E-04 -4.68917E-03  1.90604E-03
     510 -3.37711E+00 -1.27103E-01  9.80565E+01  1.07745E-03 -5.08609E-03  2.01627E-03
     511 -1.96098E+01  6.54029E+01 -3.89292E+01 -2.74871E-03  8.46239E-04  5.67549E-03
     512  5.56862E+00 -6.69142E+01 -2.48292E+01  4.76043E-03  1.75208E-03 -6.56040E-03
     513 -1.44774E+01  5.82242E+01 -1.02059E+02 -1.72806E-03  4.21840E-03  4.63252E-03
     514  8.69101E+00 -6.11795E+01 -8.88205E+01  5.30672E-03  4.99101E-03 -6.62533E-03
     515 -1.52103E+01  6.31627E+01 -1.61518E+02 -5.27104E-04  1.00016E-02  5.46477E-03
     516  1.04415E+01 -6.68534E+01 -1.45201E+02  6.54884E-03  9.85224E-03 -6.91193E-03
     517 -1.54234E+01  6.37869E+01 -1.61557E+02 -4.31552E-04  9.91720E-03  5.52795E-03
     518  1.03922E+01 -6.75762E+01 -1.45877E+02  6.53357E-03  9.70054E-03 -7.11291E-03
     519 -1.57060E+01  6.10348E+01 -1.78846E+02 -5.65566E-05  1.12821E-02  5.54020E-03
     520  9.48531E+00 -6.54459E+01 -1.62930E+02  6.91692E-03  1.01695E-02 -7.33280E-03
     521 -9.83217E+00  4.71286E+01 -1.15784E+02 -3.50229E-03  4.82302E-03  3.51232E-03
     522 -8.56606E+00  4.91421E+01 -1.25616E+02 -6.42758E-03  6.62875E-03  6.46144E-03
     523 -9.72609E+00  4.87864E+01 -1.11109E+02 -5.14678E-03  5.21126E-03  4.23799E-03
     524 -8.75994E+00  4.61896E+01 -1.29426E+02 -3.59484E-03  4.73952E-03  4.51755E-03
     525  8.94878E+00 -4.93408E+01 -9.35872E+01  6.63877E-03  6.28812E-03 -4.47677E-03
     526  1.02149E+01 -4.73273E+01 -1.03419E+02  3.71348E-03  8.09385E-03 -1.52765E-03
     527  9.05486E+00 -4.76830E+01 -8.89123E+01  4.99427E-03  6.67636E-03 -3.75110E-03
     528  1.00210E+01 -5.02797E+01 -1.07229E+02  6.54621E-03  6.20462E-03 -3.47154E-03
     529 -4.70278E+00  3.49609E+01 -1.44238E+02 -3.41512E-03  5.65940E-03  2.60283E-03
     530 -3.44997E+00  3.69943E+01 -1.54102E+02 -6.34755E-03  7.51435E-03  5.58756E-03
     531 -4.57593E+00  3.65876E+01 -1.39512E+02 -5.04847E-03  5.97076E-03  3.27287E-03
     532 -3.69002E+00  3.41110E+01 -1.58025E+02 -3.53960E-03  5.79594E-03  3.76726E-03
     533  1.11781E+01 -3.80185E+01 -1.23562E+02  6.93156E-03  6.73045E-03 -4.57009E-03
     534  1.24443E+01 -3.60050E+01 -1.33394E+02  4.00627E-03  8.53618E-03 -1.62097E-03
     535  1.12842E+01 -3.63607E+01 -1.18887E+02  5.28706E-03  7.11869E-03 -3.84443E-03
     536  1.22504E+01 -3.89575E+01 -1.37204E+02  6.83900E-03  6.64695E-03 -3.56486E-03
     537 -2.96156E+00  1.53544E+00  1.24596E+02 -2.56455E-03 -6.49876E-03  1.11518E-03
     538 -1.77253E+00  3.70487E+00  1.14295E+02 -5.28389E-03 -4.60998E-03  3.87325E-03
     539 -2.86174E+00  3.20464E+00  1.29242E+02 -4.19430E-03 -6.10502E-03  1.82726E-03
     540 -1.96322E+00  7.45762E-01  1.10506E+02 -2.45997E-03 -6.50283E-03  1.93754E-03
     541  1.37487E+00  2.11352E+00  1.33556E+02 -3.28874E-03 -9.46454E-03  1.11221E-03
     542  2.56575E+00  4.28234E+00  1.23243E+02 -6.00825E-03 -7.57476E-03  3.87021E-03
     543  1.47491E+00  3.78264E+00  1.38201E+02 -4.91851E-03 -9.07068E-03  1.82428E-03
     544  2.37505E+00  1.32323E+00  1.19453E+02 -3.18433E-03 -9.46760E-03  1.93451E-03
     545  6.90458E+00  1.99883E+00  5.33768E+01 -2.73699E-03 -5.92856E-03  4.94605E-04
     546  8.12219E+00  4.11330E+00  4.32282E+01 -5.52835E-03 -4.06785E-03  3.31928E-03
     547  7.00535E+00  3.66771E+00  5.80170E+01 -4.36683E-03 -5.53431E-03  1.20665E-03
     548  7.92830E+00  1.16084E+00  3.94180E+01 -2.69561E-03 -5.95708E-03  1.37539E-03
     549  1.43403E+01 -8.25673E-01 -1.64669E+02 -5.57103E-04  3.76296E-03 -1.11503E-03
     550  1.56444E+01  1.17602E+00 -1.74760E+02 -3.48298E-03  5.58896E-03  1.83274E-03
     551  1.44494E+01  8.31225E-01 -1.60015E+02 -2.20165E-03  4.15280E-03 -3.89468E-04
     552  1.54493E+01 -1.77606E+00 -1.78562E+02 -6.50231E-04  3.69907E-03 -1.11112E-04
     553 -1.43182E+01 -5.31682E+00 -3.26675E+02  5.24201E-03  1.97332E-02 -5.26148E-05
     554 -1.39952E+01 -3.56481E+00 -3.22125E+02  3.50445E-03  2.02409E-02  7.68190E-04
     555 -1.45329E+01 -8.05453E+00 -3.31058E+02  7.90476E-03  1.80873E-02 -1.83063E-03
     556 -1.64785E+01 -3.77421E+00 -3.30347E+02  4.31202E-03  2.16533E-02  9.98213E-04
     557 -1.61555E+01 -2.02219E+00 -3.25797E+02  2.57445E-03  2.21610E-02  1.81904E-03
     558 -1.66931E+01 -6.51192E+00 -3.34730E+02  6.97477E-03  2.00074E-02 -7.79807E-04
     559 -1.94236E+01 -4.34630E+00 -2.99548E+02  5.58309E-03  2.20279E-02  1.64181E-03
     560 -1.91006E+01 -2.59428E+00 -2.94998E+02  3.84552E-03  2.25356E-02  2.46263E-03
     561 -1.96382E+01 -7.08400E+00 -3.03931E+02  8.24584E-03  2.03820E-02 -1.36198E-04
     562 -1.88209E+01 -4.13973E+00 -2.69433E+02  4.66196E-03  2.21983E-02  1.98320E-03
     563 -1.84979E+01 -2.38772E+00 -2.64883E+02  2.92439E-03  2.27060E-02  2.80401E-03
     564 -1.90356E+01 -6.87745E+00 -2.73816E+02  7.32470E-03  2.05524E-02  2.05179E-04
     565 -3.19156E+00 -2.38859E+00 -2.91985E+02  5.31531E-03  2.14396E-02  3.33227E-04
     566 -1.90118E+00 -3.66851E-01 -3.02105E+02  2.38229E-03  2.33147E-02  3.31663E-03
     567 -3.06173E+00 -7.62808E-01 -2.87279E+02  3.68192E-03  2.17526E-02  1.00318E-03
     568 -2.14210E+00 -3.24989E+00 -3.06023E+02  5.19026E-03  2.15958E-02  1.49635E-03
     569 -1.10132E+01 -2.15543E+00 -2.54397E+02  3.29886E-03  1.92351E-02  7.05143E-04
     570 -1.06930E+01 -4.02567E-01 -2.49828E+02  1.56134E-03  1.97413E-02  1.52604E-03
     571 -1.12260E+01 -4.89374E+00 -2.58793E+02  5.96158E-03  1.75902E-02 -1.07295E-03
     572  1.07555E+01 -2.81468E+01 -8.36888E+01  5.20082E-03  3.81817E-03 -3.78688E-03
     573  1.20216E+01 -2.61333E+01 -9.35202E+01  2.27553E-03  5.62390E-03 -8.37758E-04
     574  1.08616E+01 -2.64890E+01 -7.90138E+01  3.55633E-03  4.20641E-03 -3.06121E-03
     575  1.18277E+01 -2.90858E+01 -9.73305E+01  5.10827E-03  3.73467E-03 -2.78165E-03
     576 -2.06763E+00  2.62507E+01 -9.93869E+01 -3.85940E-03  2.60664E-03  2.14037E-03
     577 -8.01513E-01  2.82642E+01 -1.09218E+02 -6.78469E-03  4.41237E-03  5.08948E-03
     578 -1.96155E+00  2.79085E+01 -9.47120E+01 -5.50390E-03  2.99488E-03  2.86603E-03
     579 -9.95399E-01  2.53118E+01 -1.13029E+02 -3.95196E-03  2.52314E-03  3.14559E-03
     580  5.47750E+00 -2.81520E+00 -3.77456E+02  4.57817E-03  2.23978E-02 -1.56489E-04
     581  6.76895E+00 -7.93799E-01 -3.87584E+02  1.64514E-03  2.42734E-02  2.82686E-03
     582  5.60735E+00 -1.18943E+00 -3.72750E+02  2.94478E-03  2.27107E-02  5.13446E-04
     583  6.52697E+00 -3.67651E+00 -3.91494E+02  4.45312E-03  2.25539E-02  1.00661E-03
     584  5.19668E-01 -3.10912E+00 -3.86268E+02  5.67264E-03  2.64660E-02  8.42343E-04
     585  1.81111E+00 -1.08771E+00 -3.96396E+02  2.73960E-03  2.83416E-02  3.82571E-03
     586  6.49504E-01 -1.48334E+00 -3.81563E+02  4.03924E-03  2.67790E-02  1.51230E-03
     587  1.56913E+00 -3.97042E+00 -4.00306E+02  5.54759E-03  2.66221E-02  2.00546E-03
     588  1.87180E-01 -3.23711E+00 -3.73980E+02  5.94184E-03  2.49064E-02  6.84474E-05
     589  1.47863E+00 -1.21571E+00 -3.84107E+02  3.00881E-03  2.67819E-02  3.05179E-03
     590  3.17023E-01 -1.61134E+00 -3.69274E+02  4.30845E-03  2.52193E-02  7.38382E-04
     591  1.23665E+00 -4.09842E+00 -3.88018E+02  5.81680E-03  2.50625E-02  1.23155E-03
     592 -6.79374E+00 -2.40647E+00 -3.17430E+02  5.14758E-03  2.33119E-02  1.40546E-03
     593 -5.51960E+00 -3.79671E-01 -3.27439E+02  2.21482E-03  2.51782E-02  4.38942E-03
     594 -6.66389E+00 -7.80696E-01 -3.12724E+02  3.51419E-03  2.36248E-02  2.07539E-03
     595 -5.75964E+00 -3.26298E+00 -3.31363E+02  5.02277E-03  2.34598E-02  2.56911E-03
     596 -4.46803E+00 -2.25781E+00 -3.00219E+02  5.39692E-03  2.25313E-02  8.55661E-04
     597 -4.14776E+00 -5.04934E-01 -2.95650E+02  3.65940E-03  2.30375E-02  1.67658E-03
     598 -4.68079E+00 -4.99611E+00 -3.04615E+02  8.05964E-03  2.08864E-02 -9.22409E-04
     599 -5.64452E+00 -2.03660E+00 -2.40998E+02  4.15485E-03  1.79553E-02  6.98833E-05
     600 -5.32424E+00 -2.83735E-01 -2.36429E+02  2.41733E-03  1.84615E-02  8.90796E-04
     601 -5.85728E+00 -4.77491E+00 -2.45394E+02  6.81757E-03  1.63104E-02 -1.70819E-03
     602  9.34628E-01 -1.99891E+00 -2.31902E+02  4.98207E-03  1.70747E-02 -4.19177E-04
     603  1.25490E+00 -2.46040E-01 -2.27333E+02  3.24455E-03  1.75809E-02  4.01736E-04
     604  7.21873E-01 -4.73722E+00 -2.36298E+02  7.64479E-03  1.54298E-02 -2.19726E-03
     605 -1.94805E+01 -3.95448E+00 -1.75750E+02  8.75675E-03  1.07628E-02 -3.51363E-05
     606 -1.91602E+01 -2.20161E+00 -1.71181E+02  7.01923E-03  1.12690E-02  7.85776E-04
     607 -1.96933E+01 -6.69278E+00 -1.80145E+02  1.14195E-02  9.11792E-03 -1.81321E-03
     608 -1.96952E+01 -3.82166E+00 -1.74868E+02  8.64632E-03  1.06036E-02 -5.26353E-05
     609 -1.93749E+01 -2.06879E+00 -1.70299E+02  6.90880E-03  1.11098E-02  7.68277E-04
     610 -1.99079E+01 -6.55996E+00 -1.79264E+02  1.13090E-02  8.95865E-03 -1.83072E-03
     611  1.32139E+01 -2.41800E+00 -3.27488E+02  1.78514E-03  1.53004E-02 -2.77427E-03
     612  1.35369E+01 -6.65986E-01 -3.22938E+02  4.75814E-05  1.58081E-02 -1.95346E-03
     613  1.29993E+01 -5.15571E+00 -3.31871E+02  4.44789E-03  1.36544E-02 -4.55229E-03
     614 -2.33503E+01 -1.94081E+00 -1.11639E+02  3.69841E-03  9.80713E-03  6.36851E-04
     615 -2.30301E+01 -1.87941E-01 -1.07071E+02  1.96089E-03  1.03133E-02  1.45776E-03
     616 -2.35631E+01 -4.67912E+00 -1.16035E+02  6.36113E-03  8.16222E-03 -1.14123E-03
     617 -2.31945E+01 -1.48807E+00 -1.11352E+02  2.78095E-03  1.02437E-02  9.53563E-04
     618 -2.28743E+01  2.64833E-01 -1.06783E+02  1.04343E-03  1.07499E-02  1.77448E-03
     619 -2.34073E+01 -4.22634E+00 -1.15747E+02  5.44367E-03  8.59878E-03 -8.24517E-04
     620 -3.60486E+00 -2.29794E+00 -5.29275E+01  4.20548E-03  4.87504E-03 -7.13717E-04
     621 -3.30935E+00 -5.07972E-01 -4.84193E+01  2.45467E-03  5.47287E-03  1.73486E-04
     622 -3.77487E+00 -5.10028E+00 -5.72185E+01  6.89114E-03  3.07197E-03 -2.60623E-03
     623 -3.38733E+00 -2.38622E+00 -5.26292E+01  5.10585E-03  5.85737E-03 -2.62304E-04
     624 -3.09181E+00 -5.96253E-01 -4.81210E+01  3.35504E-03  6.45521E-03  6.24899E-04
     625 -3.55734E+00 -5.18856E+00 -5.69202E+01  7.79151E-03  4.05431E-03 -2.15482E-03
     626  3.46040E+00 -4.42870E-01 -1.01704E+02  2.74655E-03  6.49700E-03 -7.73154E-04
     627  3.75591E+00  1.34710E+00 -9.71962E+01  9.95732E-04  7.09484E-03  1.14050E-04
     628  3.29038E+00 -3.24521E+00 -1.05995E+02  5.43221E-03  4.69394E-03 -2.66567E-03
     629  3.32340E+00 -3.05714E-01 -1.01626E+02  2.86238E-03  6.75010E-03 -5.92271E-04
     630  3.61891E+00  1.48425E+00 -9.71181E+01  1.11156E-03  7.34794E-03  2.94932E-04
     631  3.15339E+00 -3.10806E+00 -1.05917E+02  5.54804E-03  4.94704E-03 -2.48479E-03
     632  1.80455E+00 -1.74176E+00 -1.38375E+02  2.86093E-03  9.43860E-03 -1.16352E-03
     633  2.10006E+00  4.82026E-02 -1.33867E+02  1.11012E-03  1.00364E-02 -2.76321E-04
     634  1.63453E+00 -4.54410E+00 -1.42666E+02  5.54659E-03  7.63554E-03 -3.05604E-03
     635  1.33570E+01 -2.70985E+00 -3.20962E+02  4.07206E-03  1.61795E-02 -2.29177E-03
     636  1.36800E+01 -9.57834E-01 -3.16412E+02  2.33450E-03  1.66872E-02 -1.47096E-03
     637  1.31423E+01 -5.44756E+00 -3.25345E+02  6.73481E-03  1.45336E-02 -4.06979E-03
     638 -3.49711E+00 -1.10814E+00 -5.17571E+01 -5.86024E-04  4.05370E-03 -7.63092E-04
     639 -3.20160E+00  6.81822E-01 -4.72489E+01 -2.33684E-03  4.65154E-03  1.24111E-04
     640 -3.66712E+00 -3.91048E+00 -5.60481E+01  2.09964E-03  2.25064E-03 -2.65561E-03
     641 -6.96721E-01 -3.67410E+00 -3.68310E+02  6.83228E-03  2.32630E-02 -4.98321E-04
     642  5.94726E-01 -1.65269E+00 -3.78438E+02  3.89925E-03  2.51386E-02  2.48503E-03
     643 -5.66878E-01 -2.04832E+00 -3.63605E+02  5.19889E-03  2.35759E-02  1.71614E-04
     644  3.52739E-01 -4.53539E+00 -3.82348E+02  6.70723E-03  2.34191E-02  6.64801E-04
     645  1.48023E+01 -5.38488E-01 -1.55612E+02 -4.81274E-04  4.57632E-03 -4.01487E-04
     646  1.60784E+01  1.47192E+00 -1.65512E+02 -3.40672E-03  6.38738E-03  2.54728E-03
     647  1.49114E+01  1.11841E+00 -1.50958E+02 -2.12582E-03  4.96615E-03  3.24071E-04
     648  1.58845E+01 -1.48054E+00 -1.69322E+02 -5.73986E-04  4.49815E-03  6.03382E-04
     649  1.47589E+01 -9.22641E-01 -1.70228E+02 -4.22408E-04  4.00128E-03 -9.83780E-04
     650  1.60636E+01  1.07884E+00 -1.80323E+02 -3.34830E-03  5.82765E-03  1.96396E-03
     651  1.48679E+01  7.34257E-01 -1.65574E+02 -2.06695E-03  4.39111E-03 -2.58222E-04
     652  1.58678E+01 -1.87303E+00 -1.84120E+02 -5.15536E-04  3.93738E-03  2.01345E-05
     653  1.41243E+01 -2.33964E-02 -9.00343E+01 -1.38051E-03  1.90594E-03  5.43922E-05
     654  1.53981E+01  1.98774E+00 -9.99179E+01 -4.30592E-03  3.71575E-03  3.00324E-03
     655  1.42334E+01  1.63350E+00 -8.53798E+01 -3.02506E-03  2.29578E-03  7.79950E-04
     656  1.52042E+01 -9.64720E-01 -1.03728E+02 -1.47319E-03  1.82652E-03  1.05934E-03
     657 -1.68505E+00 -2.61335E+00 -2.72881E+02  4.88951E-03  1.86284E-02 -4.82063E-04
     658 -3.99557E-01 -5.90092E-01 -2.82968E+02  1.95657E-03  2.05008E-02  2.50151E-03
     659 -1.55521E+00 -9.87577E-01 -2.68175E+02  3.25612E-03  1.89413E-02  1.87878E-04
     660 -6.39605E-01 -3.47340E+00 -2.86892E+02  4.76452E-03  1.87824E-02  6.81198E-04
     661  9.98077E+00 -2.87815E+01 -1.15260E+02  6.64319E-03  6.47159E-03 -3.87929E-03
     662  1.12469E+01 -2.67680E+01 -1.25091E+02  3.71790E-03  8.27732E-03 -9.30175E-04
     663  1.00868E+01 -2.71237E+01 -1.10585E+02  4.99869E-03  6.85983E-03 -3.15363E-03
     664  1.10530E+01 -2.97205E+01 -1.28901E+02  6.55063E-03  6.38809E-03 -2.87407E-03
     665 -2.17480E+00  2.60865E+01 -1.33802E+02 -3.60268E-03  5.30740E-03  1.96223E-03
     666 -9.21982E-01  2.81199E+01 -1.43666E+02 -6.53511E-03  7.16235E-03  4.94697E-03
     667 -2.04794E+00  2.77132E+01 -1.29076E+02 -5.23602E-03  5.61876E-03  2.63228E-03
     668 -1.16203E+00  2.52366E+01 -1.47589E+02 -3.72716E-03  5.44394E-03  3.12666E-03
     669  1.18419E+01  3.17336E-01 -5.04811E+01 -1.84410E-03 -3.44091E-04  2.46231E-04
     670  1.31080E+01  2.33085E+00 -6.03126E+01 -4.76939E-03  1.46163E-03  3.19535E-03
     671  1.19479E+01  1.97516E+00 -4.58062E+01 -3.48860E-03  4.41458E-05  9.71895E-04
     672  1.29141E+01 -6.21610E-01 -6.41228E+01 -1.93666E-03 -4.27595E-04  1.25146E-03
     673  8.45282E+00  1.25821E+00  4.19844E+01 -2.62305E-03 -4.24939E-03  8.92524E-04
     674  9.69840E+00  3.31445E+00  3.20187E+01 -5.49166E-03 -2.42039E-03  3.78898E-03
     675  8.55359E+00  2.92709E+00  4.66246E+01 -4.25289E-03 -3.85513E-03  1.60457E-03
     676  9.50452E+00  3.61990E-01  2.82085E+01 -2.65893E-03 -4.30962E-03  1.84508E-03
     677 -3.39395E+00 -2.38830E+00 -1.40241E+02  9.62733E-04  6.62408E-03 -2.26622E-04
     678 -3.09843E+00 -5.98339E-01 -1.35733E+02 -7.88080E-04  7.22192E-03  6.60582E-04
     679 -3.56396E+00 -5.19064E+00 -1.44532E+02  3.64840E-03  4.82102E-03 -2.11914E-03

                                   * * *  End of Job  * * *

